<?xml version="1.0" encoding="UTF-8"?>
<testng-results skipped="0" failed="0" ignored="0" total="1" passed="1">
  <reporter-output>
  </reporter-output>
  <suite name="Surefire suite" duration-ms="28" started-at="2017-06-01T21:15:16Z" finished-at="2017-06-01T21:15:16Z">
    <groups>
    </groups>
    <test name="Surefire test" duration-ms="28" started-at="2017-06-01T21:15:16Z" finished-at="2017-06-01T21:15:16Z">
      <class name="com.workflowReal.pocs.springbot.AppTest">
        <test-method status="PASS" signature="testApp()[pri:0, instance:testApp(com.workflowReal.pocs.springbot.AppTest)]" name="testApp" duration-ms="6" started-at="2017-06-01T18:15:16Z" finished-at="2017-06-01T18:15:16Z">
          <reporter-output>
          </reporter-output>
        </test-method> <!-- testApp -->
      </class> <!-- com.workflowReal.pocs.springbot.AppTest -->
    </test> <!-- Surefire test -->
  </suite> <!-- Surefire suite -->
</testng-results>
